# JRE version: Java(TM) SE Runtime Environment (8.0_25-b18) (build 1.8.0_25-b18)
# Java VM: Java HotSpot(TM) 64-Bit Server VM (25.25-b02 mixed mode windows-amd64 compressed oops)
Heap:
 PSYoungGen      total 62976K, used 20914K [0x000000076bb00000, 0x000000076fa00000, 0x00000007c0000000)
  eden space 61440K, 31% used [0x000000076bb00000,0x000000076ce0c928,0x000000076f700000)
  from space 1536K, 91% used [0x000000076f700000,0x000000076f860000,0x000000076f880000)
  to   space 1536K, 0% used [0x000000076f880000,0x000000076f880000,0x000000076fa00000)
 ParOldGen       total 397312K, used 62560K [0x00000006c3000000, 0x00000006db400000, 0x000000076bb00000)
  object space 397312K, 15% used [0x00000006c3000000,0x00000006c6d18038,0x00000006db400000)
 Metaspace       used 75973K, capacity 76206K, committed 76544K, reserved 1118208K
  class space    used 7041K, capacity 7100K, committed 7168K, reserved 1048576K
GC Heap History (10 events):
Event: 36241.728 GC heap before
{Heap before GC invocations=558 (full 3):
 PSYoungGen      total 62976K, used 62848K [0x000000076bb00000, 0x000000076fa00000, 0x00000007c0000000)
  eden space 61440K, 100% used [0x000000076bb00000,0x000000076f700000,0x000000076f700000)
  from space 1536K, 91% used [0x000000076f880000,0x000000076f9e0000,0x000000076fa00000)
  to   space 1536K, 0% used [0x000000076f700000,0x000000076f700000,0x000000076f880000)
 ParOldGen       total 397312K, used 62560K [0x00000006c3000000, 0x00000006db400000, 0x000000076bb00000)
  object space 397312K, 15% used [0x00000006c3000000,0x00000006c6d18038,0x00000006db400000)
 Metaspace       used 75970K, capacity 76206K, committed 76544K, reserved 1118208K
  class space    used 7041K, capacity 7100K, committed 7168K, reserved 1048576K
Event: 36241.731 GC heap after
Heap after GC invocations=558 (full 3):
 PSYoungGen      total 62976K, used 1440K [0x000000076bb00000, 0x000000076fa00000, 0x00000007c0000000)
  eden space 61440K, 0% used [0x000000076bb00000,0x000000076bb00000,0x000000076f700000)
  from space 1536K, 93% used [0x000000076f700000,0x000000076f868000,0x000000076f880000)
  to   space 1536K, 0% used [0x000000076f880000,0x000000076f880000,0x000000076fa00000)
 ParOldGen       total 397312K, used 62560K [0x00000006c3000000, 0x00000006db400000, 0x000000076bb00000)
  object space 397312K, 15% used [0x00000006c3000000,0x00000006c6d18038,0x00000006db400000)
 Metaspace       used 75970K, capacity 76206K, committed 76544K, reserved 1118208K
  class space    used 7041K, capacity 7100K, committed 7168K, reserved 1048576K
}
Event: 36306.391 GC heap before
{Heap before GC invocations=559 (full 3):
 PSYoungGen      total 62976K, used 62880K [0x000000076bb00000, 0x000000076fa00000, 0x00000007c0000000)
  eden space 61440K, 100% used [0x000000076bb00000,0x000000076f700000,0x000000076f700000)
  from space 1536K, 93% used [0x000000076f700000,0x000000076f868000,0x000000076f880000)
  to   space 1536K, 0% used [0x000000076f880000,0x000000076f880000,0x000000076fa00000)
 ParOldGen       total 397312K, used 62560K [0x00000006c3000000, 0x00000006db400000, 0x000000076bb00000)
  object space 397312K, 15% used [0x00000006c3000000,0x00000006c6d18038,0x00000006db400000)
 Metaspace       used 75970K, capacity 76206K, committed 76544K, reserved 1118208K
  class space    used 7041K, capacity 7100K, committed 7168K, reserved 1048576K
Event: 36306.394 GC heap after
Heap after GC invocations=559 (full 3):
 PSYoungGen      total 62976K, used 1408K [0x000000076bb00000, 0x000000076fa00000, 0x00000007c0000000)
  eden space 61440K, 0% used [0x000000076bb00000,0x000000076bb00000,0x000000076f700000)
  from space 1536K, 91% used [0x000000076f880000,0x000000076f9e0000,0x000000076fa00000)
  to   space 1536K, 0% used [0x000000076f700000,0x000000076f700000,0x000000076f880000)
 ParOldGen       total 397312K, used 62560K [0x00000006c3000000, 0x00000006db400000, 0x000000076bb00000)
  object space 397312K, 15% used [0x00000006c3000000,0x00000006c6d18038,0x00000006db400000)
 Metaspace       used 75970K, capacity 76206K, committed 76544K, reserved 1118208K
  class space    used 7041K, capacity 7100K, committed 7168K, reserved 1048576K
}
Event: 36371.103 GC heap before
{Heap before GC invocations=560 (full 3):
 PSYoungGen      total 62976K, used 62848K [0x000000076bb00000, 0x000000076fa00000, 0x00000007c0000000)
  eden space 61440K, 100% used [0x000000076bb00000,0x000000076f700000,0x000000076f700000)
  from space 1536K, 91% used [0x000000076f880000,0x000000076f9e0000,0x000000076fa00000)
  to   space 1536K, 0% used [0x000000076f700000,0x000000076f700000,0x000000076f880000)
 ParOldGen       total 397312K, used 62560K [0x00000006c3000000, 0x00000006db400000, 0x000000076bb00000)
  object space 397312K, 15% used [0x00000006c3000000,0x00000006c6d18038,0x00000006db400000)
 Metaspace       used 75970K, capacity 76206K, committed 76544K, reserved 1118208K
  class space    used 7041K, capacity 7100K, committed 7168K, reserved 1048576K
Event: 36371.112 GC heap after
Heap after GC invocations=560 (full 3):
 PSYoungGen      total 62976K, used 1440K [0x000000076bb00000, 0x000000076fa00000, 0x00000007c0000000)
  eden space 61440K, 0% used [0x000000076bb00000,0x000000076bb00000,0x000000076f700000)
  from space 1536K, 93% used [0x000000076f700000,0x000000076f868000,0x000000076f880000)
  to   space 1536K, 0% used [0x000000076f880000,0x000000076f880000,0x000000076fa00000)
 ParOldGen       total 397312K, used 62560K [0x00000006c3000000, 0x00000006db400000, 0x000000076bb00000)
  object space 397312K, 15% used [0x00000006c3000000,0x00000006c6d18038,0x00000006db400000)
 Metaspace       used 75970K, capacity 76206K, committed 76544K, reserved 1118208K
  class space    used 7041K, capacity 7100K, committed 7168K, reserved 1048576K
}
Event: 36436.014 GC heap before
{Heap before GC invocations=561 (full 3):
 PSYoungGen      total 62976K, used 62880K [0x000000076bb00000, 0x000000076fa00000, 0x00000007c0000000)
  eden space 61440K, 100% used [0x000000076bb00000,0x000000076f700000,0x000000076f700000)
  from space 1536K, 93% used [0x000000076f700000,0x000000076f868000,0x000000076f880000)
  to   space 1536K, 0% used [0x000000076f880000,0x000000076f880000,0x000000076fa00000)
 ParOldGen       total 397312K, used 62560K [0x00000006c3000000, 0x00000006db400000, 0x000000076bb00000)
  object space 397312K, 15% used [0x00000006c3000000,0x00000006c6d18038,0x00000006db400000)
 Metaspace       used 75970K, capacity 76206K, committed 76544K, reserved 1118208K
  class space    used 7041K, capacity 7100K, committed 7168K, reserved 1048576K
Event: 36436.018 GC heap after
Heap after GC invocations=561 (full 3):
 PSYoungGen      total 62976K, used 1408K [0x000000076bb00000, 0x000000076fa00000, 0x00000007c0000000)
  eden space 61440K, 0% used [0x000000076bb00000,0x000000076bb00000,0x000000076f700000)
  from space 1536K, 91% used [0x000000076f880000,0x000000076f9e0000,0x000000076fa00000)
  to   space 1536K, 0% used [0x000000076f700000,0x000000076f700000,0x000000076f880000)
 ParOldGen       total 397312K, used 62560K [0x00000006c3000000, 0x00000006db400000, 0x000000076bb00000)
  object space 397312K, 15% used [0x00000006c3000000,0x00000006c6d18038,0x00000006db400000)
 Metaspace       used 75970K, capacity 76206K, committed 76544K, reserved 1118208K
  class space    used 7041K, capacity 7100K, committed 7168K, reserved 1048576K
}
Event: 36506.194 GC heap before
{Heap before GC invocations=562 (full 3):
 PSYoungGen      total 62976K, used 62848K [0x000000076bb00000, 0x000000076fa00000, 0x00000007c0000000)
  eden space 61440K, 100% used [0x000000076bb00000,0x000000076f700000,0x000000076f700000)
  from space 1536K, 91% used [0x000000076f880000,0x000000076f9e0000,0x000000076fa00000)
  to   space 1536K, 0% used [0x000000076f700000,0x000000076f700000,0x000000076f880000)
 ParOldGen       total 397312K, used 62560K [0x00000006c3000000, 0x00000006db400000, 0x000000076bb00000)
  object space 397312K, 15% used [0x00000006c3000000,0x00000006c6d18038,0x00000006db400000)
 Metaspace       used 75970K, capacity 76206K, committed 76544K, reserved 1118208K
  class space    used 7041K, capacity 7100K, committed 7168K, reserved 1048576K
Event: 36506.198 GC heap after
Heap after GC invocations=562 (full 3):
 PSYoungGen      total 62976K, used 1408K [0x000000076bb00000, 0x000000076fa00000, 0x00000007c0000000)
  eden space 61440K, 0% used [0x000000076bb00000,0x000000076bb00000,0x000000076f700000)
  from space 1536K, 91% used [0x000000076f700000,0x000000076f860000,0x000000076f880000)
  to   space 1536K, 0% used [0x000000076f880000,0x000000076f880000,0x000000076fa00000)
 ParOldGen       total 397312K, used 62560K [0x00000006c3000000, 0x00000006db400000, 0x000000076bb00000)
  object space 397312K, 15% used [0x00000006c3000000,0x00000006c6d18038,0x00000006db400000)
 Metaspace       used 75970K, capacity 76206K, committed 76544K, reserved 1118208K
  class space    used 7041K, capacity 7100K, committed 7168K, reserved 1048576K
}

